ERROR - 2024-02-07 16:09:13 --> Error connecting to the database: mysqli_sql_exception: Access denied for user ''@'localhost' (using password: NO) in /Users/jzielinski/Documents/devops/bse_impression_analysis/vendor/codeigniter4/framework/system/Database/MySQLi/Connection.php:184
Stack trace:
#0 /Users/jzielinski/Documents/devops/bse_impression_analysis/vendor/codeigniter4/framework/system/Database/MySQLi/Connection.php(184): mysqli->real_connect('localhost', '', Object(SensitiveParameterValue), '', 3306, '', 0)
#1 /Users/jzielinski/Documents/devops/bse_impression_analysis/vendor/codeigniter4/framework/system/Database/BaseConnection.php(392): CodeIgniter\Database\MySQLi\Connection->connect(false)
#2 /Users/jzielinski/Documents/devops/bse_impression_analysis/vendor/codeigniter4/framework/system/Database/BaseConnection.php(575): CodeIgniter\Database\BaseConnection->initialize()
#3 /Users/jzielinski/Documents/devops/bse_impression_analysis/vendor/codeigniter4/framework/system/Database/BaseConnection.php(1410): CodeIgniter\Database\BaseConnection->query('SHOW TABLES FRO...')
#4 /Users/jzielinski/Documents/devops/bse_impression_analysis/vendor/codeigniter4/framework/system/Commands/Database/ShowTableInfo.php(105): CodeIgniter\Database\BaseConnection->listTables()
#5 /Users/jzielinski/Documents/devops/bse_impression_analysis/vendor/codeigniter4/framework/system/CLI/Commands.php(65): CodeIgniter\Commands\Database\ShowTableInfo->run(Array)
#6 /Users/jzielinski/Documents/devops/bse_impression_analysis/vendor/codeigniter4/framework/system/CLI/Console.php(46): CodeIgniter\CLI\Commands->run('db:table', Array)
#7 /Users/jzielinski/Documents/devops/bse_impression_analysis/spark(102): CodeIgniter\CLI\Console->run()
#8 {main}

Next CodeIgniter\Database\Exceptions\DatabaseException: Access denied for user ''@'localhost' (using password: NO) in /Users/jzielinski/Documents/devops/bse_impression_analysis/vendor/codeigniter4/framework/system/Database/MySQLi/Connection.php:229
Stack trace:
#0 /Users/jzielinski/Documents/devops/bse_impression_analysis/vendor/codeigniter4/framework/system/Database/BaseConnection.php(392): CodeIgniter\Database\MySQLi\Connection->connect(false)
#1 /Users/jzielinski/Documents/devops/bse_impression_analysis/vendor/codeigniter4/framework/system/Database/BaseConnection.php(575): CodeIgniter\Database\BaseConnection->initialize()
#2 /Users/jzielinski/Documents/devops/bse_impression_analysis/vendor/codeigniter4/framework/system/Database/BaseConnection.php(1410): CodeIgniter\Database\BaseConnection->query('SHOW TABLES FRO...')
#3 /Users/jzielinski/Documents/devops/bse_impression_analysis/vendor/codeigniter4/framework/system/Commands/Database/ShowTableInfo.php(105): CodeIgniter\Database\BaseConnection->listTables()
#4 /Users/jzielinski/Documents/devops/bse_impression_analysis/vendor/codeigniter4/framework/system/CLI/Commands.php(65): CodeIgniter\Commands\Database\ShowTableInfo->run(Array)
#5 /Users/jzielinski/Documents/devops/bse_impression_analysis/vendor/codeigniter4/framework/system/CLI/Console.php(46): CodeIgniter\CLI\Commands->run('db:table', Array)
#6 /Users/jzielinski/Documents/devops/bse_impression_analysis/spark(102): CodeIgniter\CLI\Console->run()
#7 {main}
CRITICAL - 2024-02-07 16:09:13 --> CodeIgniter\Database\Exceptions\DatabaseException: Unable to connect to the database.
Main connection [MySQLi]: Access denied for user ''@'localhost' (using password: NO)
in SYSTEMPATH/Database/BaseConnection.php on line 428.
 1 SYSTEMPATH/Database/BaseConnection.php(575): CodeIgniter\Database\BaseConnection->initialize()
 2 SYSTEMPATH/Database/BaseConnection.php(1410): CodeIgniter\Database\BaseConnection->query('SHOW TABLES FROM ')
 3 SYSTEMPATH/Commands/Database/ShowTableInfo.php(105): CodeIgniter\Database\BaseConnection->listTables()
 4 SYSTEMPATH/CLI/Commands.php(65): CodeIgniter\Commands\Database\ShowTableInfo->run([...])
 5 SYSTEMPATH/CLI/Console.php(46): CodeIgniter\CLI\Commands->run('db:table', [...])
 6 ROOTPATH/spark(102): CodeIgniter\CLI\Console->run()
ERROR - 2024-02-07 16:09:16 --> Error connecting to the database: mysqli_sql_exception: Access denied for user ''@'localhost' (using password: NO) in /Users/jzielinski/Documents/devops/bse_impression_analysis/vendor/codeigniter4/framework/system/Database/MySQLi/Connection.php:184
Stack trace:
#0 /Users/jzielinski/Documents/devops/bse_impression_analysis/vendor/codeigniter4/framework/system/Database/MySQLi/Connection.php(184): mysqli->real_connect('localhost', '', Object(SensitiveParameterValue), '', 3306, '', 0)
#1 /Users/jzielinski/Documents/devops/bse_impression_analysis/vendor/codeigniter4/framework/system/Database/BaseConnection.php(392): CodeIgniter\Database\MySQLi\Connection->connect(false)
#2 /Users/jzielinski/Documents/devops/bse_impression_analysis/vendor/codeigniter4/framework/system/Database/BaseConnection.php(575): CodeIgniter\Database\BaseConnection->initialize()
#3 /Users/jzielinski/Documents/devops/bse_impression_analysis/vendor/codeigniter4/framework/system/Database/BaseConnection.php(1410): CodeIgniter\Database\BaseConnection->query('SHOW TABLES FRO...')
#4 /Users/jzielinski/Documents/devops/bse_impression_analysis/vendor/codeigniter4/framework/system/Commands/Database/ShowTableInfo.php(105): CodeIgniter\Database\BaseConnection->listTables()
#5 /Users/jzielinski/Documents/devops/bse_impression_analysis/vendor/codeigniter4/framework/system/CLI/Commands.php(65): CodeIgniter\Commands\Database\ShowTableInfo->run(Array)
#6 /Users/jzielinski/Documents/devops/bse_impression_analysis/vendor/codeigniter4/framework/system/CLI/Console.php(46): CodeIgniter\CLI\Commands->run('db:table', Array)
#7 /Users/jzielinski/Documents/devops/bse_impression_analysis/spark(102): CodeIgniter\CLI\Console->run()
#8 {main}

Next CodeIgniter\Database\Exceptions\DatabaseException: Access denied for user ''@'localhost' (using password: NO) in /Users/jzielinski/Documents/devops/bse_impression_analysis/vendor/codeigniter4/framework/system/Database/MySQLi/Connection.php:229
Stack trace:
#0 /Users/jzielinski/Documents/devops/bse_impression_analysis/vendor/codeigniter4/framework/system/Database/BaseConnection.php(392): CodeIgniter\Database\MySQLi\Connection->connect(false)
#1 /Users/jzielinski/Documents/devops/bse_impression_analysis/vendor/codeigniter4/framework/system/Database/BaseConnection.php(575): CodeIgniter\Database\BaseConnection->initialize()
#2 /Users/jzielinski/Documents/devops/bse_impression_analysis/vendor/codeigniter4/framework/system/Database/BaseConnection.php(1410): CodeIgniter\Database\BaseConnection->query('SHOW TABLES FRO...')
#3 /Users/jzielinski/Documents/devops/bse_impression_analysis/vendor/codeigniter4/framework/system/Commands/Database/ShowTableInfo.php(105): CodeIgniter\Database\BaseConnection->listTables()
#4 /Users/jzielinski/Documents/devops/bse_impression_analysis/vendor/codeigniter4/framework/system/CLI/Commands.php(65): CodeIgniter\Commands\Database\ShowTableInfo->run(Array)
#5 /Users/jzielinski/Documents/devops/bse_impression_analysis/vendor/codeigniter4/framework/system/CLI/Console.php(46): CodeIgniter\CLI\Commands->run('db:table', Array)
#6 /Users/jzielinski/Documents/devops/bse_impression_analysis/spark(102): CodeIgniter\CLI\Console->run()
#7 {main}
CRITICAL - 2024-02-07 16:09:16 --> CodeIgniter\Database\Exceptions\DatabaseException: Unable to connect to the database.
Main connection [MySQLi]: Access denied for user ''@'localhost' (using password: NO)
in SYSTEMPATH/Database/BaseConnection.php on line 428.
 1 SYSTEMPATH/Database/BaseConnection.php(575): CodeIgniter\Database\BaseConnection->initialize()
 2 SYSTEMPATH/Database/BaseConnection.php(1410): CodeIgniter\Database\BaseConnection->query('SHOW TABLES FROM ')
 3 SYSTEMPATH/Commands/Database/ShowTableInfo.php(105): CodeIgniter\Database\BaseConnection->listTables()
 4 SYSTEMPATH/CLI/Commands.php(65): CodeIgniter\Commands\Database\ShowTableInfo->run([...])
 5 SYSTEMPATH/CLI/Console.php(46): CodeIgniter\CLI\Commands->run('db:table', [...])
 6 ROOTPATH/spark(102): CodeIgniter\CLI\Console->run()
ERROR - 2024-02-07 16:09:32 --> Error connecting to the database: mysqli_sql_exception: Access denied for user ''@'localhost' (using password: NO) in /Users/jzielinski/Documents/devops/bse_impression_analysis/vendor/codeigniter4/framework/system/Database/MySQLi/Connection.php:184
Stack trace:
#0 /Users/jzielinski/Documents/devops/bse_impression_analysis/vendor/codeigniter4/framework/system/Database/MySQLi/Connection.php(184): mysqli->real_connect('localhost', '', Object(SensitiveParameterValue), '', 3306, '', 0)
#1 /Users/jzielinski/Documents/devops/bse_impression_analysis/vendor/codeigniter4/framework/system/Database/BaseConnection.php(392): CodeIgniter\Database\MySQLi\Connection->connect(false)
#2 /Users/jzielinski/Documents/devops/bse_impression_analysis/vendor/codeigniter4/framework/system/Database/BaseConnection.php(575): CodeIgniter\Database\BaseConnection->initialize()
#3 /Users/jzielinski/Documents/devops/bse_impression_analysis/vendor/codeigniter4/framework/system/Database/BaseConnection.php(1410): CodeIgniter\Database\BaseConnection->query('SHOW TABLES FRO...')
#4 /Users/jzielinski/Documents/devops/bse_impression_analysis/vendor/codeigniter4/framework/system/Commands/Database/ShowTableInfo.php(105): CodeIgniter\Database\BaseConnection->listTables()
#5 /Users/jzielinski/Documents/devops/bse_impression_analysis/vendor/codeigniter4/framework/system/CLI/Commands.php(65): CodeIgniter\Commands\Database\ShowTableInfo->run(Array)
#6 /Users/jzielinski/Documents/devops/bse_impression_analysis/vendor/codeigniter4/framework/system/CLI/Console.php(46): CodeIgniter\CLI\Commands->run('db:table', Array)
#7 /Users/jzielinski/Documents/devops/bse_impression_analysis/spark(102): CodeIgniter\CLI\Console->run()
#8 {main}

Next CodeIgniter\Database\Exceptions\DatabaseException: Access denied for user ''@'localhost' (using password: NO) in /Users/jzielinski/Documents/devops/bse_impression_analysis/vendor/codeigniter4/framework/system/Database/MySQLi/Connection.php:229
Stack trace:
#0 /Users/jzielinski/Documents/devops/bse_impression_analysis/vendor/codeigniter4/framework/system/Database/BaseConnection.php(392): CodeIgniter\Database\MySQLi\Connection->connect(false)
#1 /Users/jzielinski/Documents/devops/bse_impression_analysis/vendor/codeigniter4/framework/system/Database/BaseConnection.php(575): CodeIgniter\Database\BaseConnection->initialize()
#2 /Users/jzielinski/Documents/devops/bse_impression_analysis/vendor/codeigniter4/framework/system/Database/BaseConnection.php(1410): CodeIgniter\Database\BaseConnection->query('SHOW TABLES FRO...')
#3 /Users/jzielinski/Documents/devops/bse_impression_analysis/vendor/codeigniter4/framework/system/Commands/Database/ShowTableInfo.php(105): CodeIgniter\Database\BaseConnection->listTables()
#4 /Users/jzielinski/Documents/devops/bse_impression_analysis/vendor/codeigniter4/framework/system/CLI/Commands.php(65): CodeIgniter\Commands\Database\ShowTableInfo->run(Array)
#5 /Users/jzielinski/Documents/devops/bse_impression_analysis/vendor/codeigniter4/framework/system/CLI/Console.php(46): CodeIgniter\CLI\Commands->run('db:table', Array)
#6 /Users/jzielinski/Documents/devops/bse_impression_analysis/spark(102): CodeIgniter\CLI\Console->run()
#7 {main}
CRITICAL - 2024-02-07 16:09:32 --> CodeIgniter\Database\Exceptions\DatabaseException: Unable to connect to the database.
Main connection [MySQLi]: Access denied for user ''@'localhost' (using password: NO)
in SYSTEMPATH/Database/BaseConnection.php on line 428.
 1 SYSTEMPATH/Database/BaseConnection.php(575): CodeIgniter\Database\BaseConnection->initialize()
 2 SYSTEMPATH/Database/BaseConnection.php(1410): CodeIgniter\Database\BaseConnection->query('SHOW TABLES FROM ')
 3 SYSTEMPATH/Commands/Database/ShowTableInfo.php(105): CodeIgniter\Database\BaseConnection->listTables()
 4 SYSTEMPATH/CLI/Commands.php(65): CodeIgniter\Commands\Database\ShowTableInfo->run([...])
 5 SYSTEMPATH/CLI/Console.php(46): CodeIgniter\CLI\Commands->run('db:table', [...])
 6 ROOTPATH/spark(102): CodeIgniter\CLI\Console->run()
CRITICAL - 2024-02-07 16:20:04 --> CodeIgniter\Router\Exceptions\RouterException: The namespace delimiter is a backslash (\), not a slash (/). Route handler: "\App\Controllers\Front/App::index"
in SYSTEMPATH/Router/Router.php on line 479.
 1 SYSTEMPATH/Router/Router.php(479): CodeIgniter\Router\Exceptions\RouterException::forInvalidControllerName('\\App\\Controllers\\Front/App::index')
 2 SYSTEMPATH/Router/Router.php(186): CodeIgniter\Router\Router->checkRoutes('/')
 3 SYSTEMPATH/CodeIgniter.php(823): CodeIgniter\Router\Router->handle('/')
 4 SYSTEMPATH/CodeIgniter.php(450): CodeIgniter\CodeIgniter->tryToRouteIt(Object(CodeIgniter\Router\RouteCollection))
 5 SYSTEMPATH/CodeIgniter.php(361): CodeIgniter\CodeIgniter->handleRequest(null, Object(Config\Cache), false)
 6 FCPATH/index.php(79): CodeIgniter\CodeIgniter->run()
 7 SYSTEMPATH/Commands/Server/rewrite.php(47): require_once('/Users/jzielinski/Documents/devops/bse_impression_analysis/public/index.php')
CRITICAL - 2024-02-07 16:34:07 --> ErrorException: Undefined property: App\Controllers\Front\App::$css
in APPPATH/Controllers/Front/App.php on line 16.
 1 APPPATH/Controllers/Front/App.php(16): CodeIgniter\Debug\Exceptions->errorHandler(2, 'Undefined property: App\\Controllers\\Front\\App::$css', '/Users/jzielinski/Documents/devops/bse_impression_analysis/app/Controllers/Front/App.php', 16)
 2 SYSTEMPATH/CodeIgniter.php(941): App\Controllers\Front\App->index()
 3 SYSTEMPATH/CodeIgniter.php(502): CodeIgniter\CodeIgniter->runController(Object(App\Controllers\Front\App))
 4 SYSTEMPATH/CodeIgniter.php(361): CodeIgniter\CodeIgniter->handleRequest(null, Object(Config\Cache), false)
 5 FCPATH/index.php(79): CodeIgniter\CodeIgniter->run()
 6 SYSTEMPATH/Commands/Server/rewrite.php(47): require_once('/Users/jzielinski/Documents/devops/bse_impression_analysis/public/index.php')
CRITICAL - 2024-02-07 16:35:01 --> CodeIgniter\View\Exceptions\ViewException: Invalid file: "partials/app_header.php"
in SYSTEMPATH/Exceptions/FrameworkException.php on line 39.
 1 SYSTEMPATH/View/View.php(216): CodeIgniter\Exceptions\FrameworkException::forInvalidFile('partials/app_header.php')
 2 SYSTEMPATH/Common.php(1178): CodeIgniter\View\View->render('partials/app_header.php', [], true)
 3 APPPATH/Views/front/partials/page_template.php(2): view('partials/app_header.php')
 4 SYSTEMPATH/View/View.php(228): include('/Users/jzielinski/Documents/devops/bse_impression_analysis/app/Views/front/partials/page_template.php')
 5 SYSTEMPATH/View/View.php(231): CodeIgniter\View\View->CodeIgniter\View\{closure}()
 6 SYSTEMPATH/Common.php(1178): CodeIgniter\View\View->render('front/partials/page_template', [], true)
 7 APPPATH/Controllers/Front/App.php(55): view('front/partials/page_template', [...])
 8 SYSTEMPATH/CodeIgniter.php(941): App\Controllers\Front\App->index()
 9 SYSTEMPATH/CodeIgniter.php(502): CodeIgniter\CodeIgniter->runController(Object(App\Controllers\Front\App))
10 SYSTEMPATH/CodeIgniter.php(361): CodeIgniter\CodeIgniter->handleRequest(null, Object(Config\Cache), false)
11 FCPATH/index.php(79): CodeIgniter\CodeIgniter->run()
12 SYSTEMPATH/Commands/Server/rewrite.php(47): require_once('/Users/jzielinski/Documents/devops/bse_impression_analysis/public/index.php')
CRITICAL - 2024-02-07 18:36:58 --> Error: Class "Config\Cors" not found
in SYSTEMPATH/Filters/Filters.php on line 175.
 1 SYSTEMPATH/CodeIgniter.php(474): CodeIgniter\Filters\Filters->run('', 'before')
 2 SYSTEMPATH/CodeIgniter.php(361): CodeIgniter\CodeIgniter->handleRequest(null, Object(Config\Cache), false)
 3 FCPATH/index.php(79): CodeIgniter\CodeIgniter->run()
 4 SYSTEMPATH/Commands/Server/rewrite.php(47): require_once('/Users/jzielinski/Documents/devops/bse_impression_analysis/public/index.php')
CRITICAL - 2024-02-07 18:41:06 --> Error: Class "Config\Cors" not found
in SYSTEMPATH/Filters/Filters.php on line 175.
 1 SYSTEMPATH/CodeIgniter.php(474): CodeIgniter\Filters\Filters->run('', 'before')
 2 SYSTEMPATH/CodeIgniter.php(361): CodeIgniter\CodeIgniter->handleRequest(null, Object(Config\Cache), false)
 3 FCPATH/index.php(79): CodeIgniter\CodeIgniter->run()
 4 SYSTEMPATH/Commands/Server/rewrite.php(47): require_once('/Users/jzielinski/Documents/devops/bse_impression_analysis/public/index.php')
CRITICAL - 2024-02-07 18:43:07 --> CodeIgniter\Exceptions\ConfigException: Config\App::$baseURL "localhost:8080/" is not a valid URL.
in SYSTEMPATH/HTTP/SiteURI.php on line 199.
 1 SYSTEMPATH/HTTP/SiteURI.php(145): CodeIgniter\HTTP\SiteURI->normalizeBaseURL(Object(Config\App))
 2 SYSTEMPATH/HTTP/SiteURI.php(100): CodeIgniter\HTTP\SiteURI->determineBaseURL(Object(Config\App), null, null)
 3 SYSTEMPATH/HTTP/SiteURIFactory.php(224): CodeIgniter\HTTP\SiteURI->__construct(Object(Config\App), '/', null)
 4 SYSTEMPATH/HTTP/SiteURIFactory.php(45): CodeIgniter\HTTP\SiteURIFactory->createURIFromRoutePath('/')
 5 SYSTEMPATH/Config/Services.php(799): CodeIgniter\HTTP\SiteURIFactory->createFromGlobals()
 6 SYSTEMPATH/Config/BaseService.php(258): CodeIgniter\Config\Services::uri(null, false)
 7 SYSTEMPATH/Config/BaseService.php(199): CodeIgniter\Config\BaseService::__callStatic('uri', [...])
 8 SYSTEMPATH/Config/Services.php(792): CodeIgniter\Config\BaseService::getSharedInstance('uri', null)
 9 SYSTEMPATH/Config/BaseService.php(258): CodeIgniter\Config\Services::uri()
10 SYSTEMPATH/Config/Services.php(566): CodeIgniter\Config\BaseService::__callStatic('uri', [])
11 SYSTEMPATH/Config/BaseService.php(258): CodeIgniter\Config\Services::incomingrequest(Object(Config\App), false)
12 SYSTEMPATH/Config/Services.php(524): CodeIgniter\Config\BaseService::__callStatic('incomingrequest', [...])
13 SYSTEMPATH/Config/BaseService.php(258): CodeIgniter\Config\Services::request(Object(Config\App), false)
14 SYSTEMPATH/Config/BaseService.php(199): CodeIgniter\Config\BaseService::__callStatic('request', [...])
15 SYSTEMPATH/Config/Services.php(559): CodeIgniter\Config\BaseService::getSharedInstance('request', Object(Config\App))
16 SYSTEMPATH/Config/BaseService.php(258): CodeIgniter\Config\Services::incomingrequest(Object(Config\App))
17 SYSTEMPATH/Config/Services.php(539): CodeIgniter\Config\BaseService::__callStatic('incomingrequest', [...])
18 SYSTEMPATH/Config/BaseService.php(258): CodeIgniter\Config\Services::createRequest(Object(Config\App))
19 SYSTEMPATH/CodeIgniter.php(655): CodeIgniter\Config\BaseService::__callStatic('createRequest', [...])
20 SYSTEMPATH/CodeIgniter.php(355): CodeIgniter\CodeIgniter->getRequestObject()
21 FCPATH/index.php(79): CodeIgniter\CodeIgniter->run()
22 SYSTEMPATH/Commands/Server/rewrite.php(47): require_once('/Users/jzielinski/Documents/devops/bse_impression_analysis/public/index.php')
CRITICAL - 2024-02-07 18:43:07 --> ErrorException: Uncaught CodeIgniter\Exceptions\ConfigException: Config\App::$baseURL "localhost:8080/" is not a valid URL. in /Users/jzielinski/Documents/devops/bse_impression_analysis/vendor/codeigniter4/framework/system/HTTP/SiteURI.php:199
Stack trace:
#0 /Users/jzielinski/Documents/devops/bse_impression_analysis/vendor/codeigniter4/framework/system/HTTP/SiteURI.php(145): CodeIgniter\HTTP\SiteURI->normalizeBaseURL(Object(Config\App))
#1 /Users/jzielinski/Documents/devops/bse_impression_analysis/vendor/codeigniter4/framework/system/HTTP/SiteURI.php(100): CodeIgniter\HTTP\SiteURI->determineBaseURL(Object(Config\App), NULL, NULL)
#2 /Users/jzielinski/Documents/devops/bse_impression_analysis/vendor/codeigniter4/framework/system/HTTP/SiteURIFactory.php(224): CodeIgniter\HTTP\SiteURI->__construct(Object(Config\App), '/', NULL)
#3 /Users/jzielinski/Documents/devops/bse_impression_analysis/vendor/codeigniter4/framework/system/HTTP/SiteURIFactory.php(45): CodeIgniter\HTTP\SiteURIFactory->createURIFromRoutePath('/')
#4 /Users/jzielinski/Documents/devops/bse_impression_analysis/vendor/codeigniter4/framework/system/Config/Services.php(799): CodeIgniter\HTTP\SiteURIFactory->createFromGlobals()
#5 /Users/jzielinski/Documents/devops/bse_impression_analysis/vendor/codeigniter4/framework/system/Config/BaseService.php(258): CodeIgniter\Config\Services::uri(NULL, false)
#6 /Users/jzielinski/Documents/devops/bse_impression_analysis/vendor/codeigniter4/framework/system/Config/BaseService.php(199): CodeIgniter\Config\BaseService::__callStatic('uri', Array)
#7 /Users/jzielinski/Documents/devops/bse_impression_analysis/vendor/codeigniter4/framework/system/Config/Services.php(792): CodeIgniter\Config\BaseService::getSharedInstance('uri', NULL)
#8 /Users/jzielinski/Documents/devops/bse_impression_analysis/vendor/codeigniter4/framework/system/Config/BaseService.php(258): CodeIgniter\Config\Services::uri()
#9 /Users/jzielinski/Documents/devops/bse_impression_analysis/vendor/codeigniter4/framework/system/Config/Services.php(566): CodeIgniter\Config\BaseService::__callStatic('uri', Array)
#10 /Users/jzielinski/Documents/devops/bse_impression_analysis/vendor/codeigniter4/framework/system/Config/BaseService.php(258): CodeIgniter\Config\Services::incomingrequest(Object(Config\App), false)
#11 /Users/jzielinski/Documents/devops/bse_impression_analysis/vendor/codeigniter4/framework/system/Config/Services.php(524): CodeIgniter\Config\BaseService::__callStatic('incomingrequest', Array)
#12 /Users/jzielinski/Documents/devops/bse_impression_analysis/vendor/codeigniter4/framework/system/Config/BaseService.php(258): CodeIgniter\Config\Services::request(NULL, false)
#13 /Users/jzielinski/Documents/devops/bse_impression_analysis/vendor/codeigniter4/framework/system/Config/BaseService.php(199): CodeIgniter\Config\BaseService::__callStatic('request', Array)
#14 /Users/jzielinski/Documents/devops/bse_impression_analysis/vendor/codeigniter4/framework/system/Config/Services.php(520): CodeIgniter\Config\BaseService::getSharedInstance('request', NULL)
#15 /Users/jzielinski/Documents/devops/bse_impression_analysis/vendor/codeigniter4/framework/system/Config/BaseService.php(258): CodeIgniter\Config\Services::request()
#16 /Users/jzielinski/Documents/devops/bse_impression_analysis/vendor/codeigniter4/framework/system/Debug/Exceptions.php(150): CodeIgniter\Config\BaseService::__callStatic('request', Array)
#17 [internal function]: CodeIgniter\Debug\Exceptions->exceptionHandler(Object(CodeIgniter\Exceptions\ConfigException))
#18 {main}
  thrown
【Previous Exception】
CodeIgniter\Exceptions\ConfigException
Config\App::$baseURL "localhost:8080/" is not a valid URL.
#0 /Users/jzielinski/Documents/devops/bse_impression_analysis/vendor/codeigniter4/framework/system/HTTP/SiteURI.php(145): CodeIgniter\HTTP\SiteURI->normalizeBaseURL(Object(Config\App))
#1 /Users/jzielinski/Documents/devops/bse_impression_analysis/vendor/codeigniter4/framework/system/HTTP/SiteURI.php(100): CodeIgniter\HTTP\SiteURI->determineBaseURL(Object(Config\App), NULL, NULL)
#2 /Users/jzielinski/Documents/devops/bse_impression_analysis/vendor/codeigniter4/framework/system/HTTP/SiteURIFactory.php(224): CodeIgniter\HTTP\SiteURI->__construct(Object(Config\App), '/', NULL)
#3 /Users/jzielinski/Documents/devops/bse_impression_analysis/vendor/codeigniter4/framework/system/HTTP/SiteURIFactory.php(45): CodeIgniter\HTTP\SiteURIFactory->createURIFromRoutePath('/')
#4 /Users/jzielinski/Documents/devops/bse_impression_analysis/vendor/codeigniter4/framework/system/Config/Services.php(799): CodeIgniter\HTTP\SiteURIFactory->createFromGlobals()
#5 /Users/jzielinski/Documents/devops/bse_impression_analysis/vendor/codeigniter4/framework/system/Config/BaseService.php(258): CodeIgniter\Config\Services::uri(NULL, false)
#6 /Users/jzielinski/Documents/devops/bse_impression_analysis/vendor/codeigniter4/framework/system/Config/BaseService.php(199): CodeIgniter\Config\BaseService::__callStatic('uri', Array)
#7 /Users/jzielinski/Documents/devops/bse_impression_analysis/vendor/codeigniter4/framework/system/Config/Services.php(792): CodeIgniter\Config\BaseService::getSharedInstance('uri', NULL)
#8 /Users/jzielinski/Documents/devops/bse_impression_analysis/vendor/codeigniter4/framework/system/Config/BaseService.php(258): CodeIgniter\Config\Services::uri()
#9 /Users/jzielinski/Documents/devops/bse_impression_analysis/vendor/codeigniter4/framework/system/Config/Services.php(566): CodeIgniter\Config\BaseService::__callStatic('uri', Array)
#10 /Users/jzielinski/Documents/devops/bse_impression_analysis/vendor/codeigniter4/framework/system/Config/BaseService.php(258): CodeIgniter\Config\Services::incomingrequest(Object(Config\App), false)
#11 /Users/jzielinski/Documents/devops/bse_impression_analysis/vendor/codeigniter4/framework/system/Config/Services.php(524): CodeIgniter\Config\BaseService::__callStatic('incomingrequest', Array)
#12 /Users/jzielinski/Documents/devops/bse_impression_analysis/vendor/codeigniter4/framework/system/Config/BaseService.php(258): CodeIgniter\Config\Services::request(Object(Config\App), false)
#13 /Users/jzielinski/Documents/devops/bse_impression_analysis/vendor/codeigniter4/framework/system/Config/BaseService.php(199): CodeIgniter\Config\BaseService::__callStatic('request', Array)
#14 /Users/jzielinski/Documents/devops/bse_impression_analysis/vendor/codeigniter4/framework/system/Config/Services.php(559): CodeIgniter\Config\BaseService::getSharedInstance('request', Object(Config\App))
#15 /Users/jzielinski/Documents/devops/bse_impression_analysis/vendor/codeigniter4/framework/system/Config/BaseService.php(258): CodeIgniter\Config\Services::incomingrequest(Object(Config\App))
#16 /Users/jzielinski/Documents/devops/bse_impression_analysis/vendor/codeigniter4/framework/system/Config/Services.php(539): CodeIgniter\Config\BaseService::__callStatic('incomingrequest', Array)
#17 /Users/jzielinski/Documents/devops/bse_impression_analysis/vendor/codeigniter4/framework/system/Config/BaseService.php(258): CodeIgniter\Config\Services::createRequest(Object(Config\App))
#18 /Users/jzielinski/Documents/devops/bse_impression_analysis/vendor/codeigniter4/framework/system/CodeIgniter.php(655): CodeIgniter\Config\BaseService::__callStatic('createRequest', Array)
#19 /Users/jzielinski/Documents/devops/bse_impression_analysis/vendor/codeigniter4/framework/system/CodeIgniter.php(355): CodeIgniter\CodeIgniter->getRequestObject()
#20 /Users/jzielinski/Documents/devops/bse_impression_analysis/public/index.php(79): CodeIgniter\CodeIgniter->run()
#21 /Users/jzielinski/Documents/devops/bse_impression_analysis/vendor/codeigniter4/framework/system/Commands/Server/rewrite.php(47): require_once('/Users/jzielins...')
#22 {main}
in SYSTEMPATH/HTTP/SiteURI.php on line 199.
 1 [internal function]: CodeIgniter\Debug\Exceptions->shutdownHandler()
CRITICAL - 2024-02-07 18:44:31 --> ErrorException: Undefined property: Config\App::$baseURL
in SYSTEMPATH/HTTP/SiteURI.php on line 195.
 1 SYSTEMPATH/HTTP/SiteURI.php(195): CodeIgniter\Debug\Exceptions->errorHandler(2, 'Undefined property: Config\\App::$baseURL', '/Users/jzielinski/Documents/devops/bse_impression_analysis/vendor/codeigniter4/framework/system/HTTP/SiteURI.php', 195)
 2 SYSTEMPATH/HTTP/SiteURI.php(145): CodeIgniter\HTTP\SiteURI->normalizeBaseURL(Object(Config\App))
 3 SYSTEMPATH/HTTP/SiteURI.php(100): CodeIgniter\HTTP\SiteURI->determineBaseURL(Object(Config\App), null, null)
 4 SYSTEMPATH/HTTP/SiteURIFactory.php(224): CodeIgniter\HTTP\SiteURI->__construct(Object(Config\App), '/', null)
 5 SYSTEMPATH/HTTP/SiteURIFactory.php(45): CodeIgniter\HTTP\SiteURIFactory->createURIFromRoutePath('/')
 6 SYSTEMPATH/Config/Services.php(799): CodeIgniter\HTTP\SiteURIFactory->createFromGlobals()
 7 SYSTEMPATH/Config/BaseService.php(258): CodeIgniter\Config\Services::uri(null, false)
 8 SYSTEMPATH/Config/BaseService.php(199): CodeIgniter\Config\BaseService::__callStatic('uri', [...])
 9 SYSTEMPATH/Config/Services.php(792): CodeIgniter\Config\BaseService::getSharedInstance('uri', null)
10 SYSTEMPATH/Config/BaseService.php(258): CodeIgniter\Config\Services::uri()
11 SYSTEMPATH/Config/Services.php(566): CodeIgniter\Config\BaseService::__callStatic('uri', [])
12 SYSTEMPATH/Config/BaseService.php(258): CodeIgniter\Config\Services::incomingrequest(Object(Config\App), false)
13 SYSTEMPATH/Config/Services.php(524): CodeIgniter\Config\BaseService::__callStatic('incomingrequest', [...])
14 SYSTEMPATH/Config/BaseService.php(258): CodeIgniter\Config\Services::request(Object(Config\App), false)
15 SYSTEMPATH/Config/BaseService.php(199): CodeIgniter\Config\BaseService::__callStatic('request', [...])
16 SYSTEMPATH/Config/Services.php(559): CodeIgniter\Config\BaseService::getSharedInstance('request', Object(Config\App))
17 SYSTEMPATH/Config/BaseService.php(258): CodeIgniter\Config\Services::incomingrequest(Object(Config\App))
18 SYSTEMPATH/Config/Services.php(539): CodeIgniter\Config\BaseService::__callStatic('incomingrequest', [...])
19 SYSTEMPATH/Config/BaseService.php(258): CodeIgniter\Config\Services::createRequest(Object(Config\App))
20 SYSTEMPATH/CodeIgniter.php(655): CodeIgniter\Config\BaseService::__callStatic('createRequest', [...])
21 SYSTEMPATH/CodeIgniter.php(355): CodeIgniter\CodeIgniter->getRequestObject()
22 FCPATH/index.php(79): CodeIgniter\CodeIgniter->run()
23 SYSTEMPATH/Commands/Server/rewrite.php(47): require_once('/Users/jzielinski/Documents/devops/bse_impression_analysis/public/index.php')
CRITICAL - 2024-02-07 18:44:31 --> ErrorException: Uncaught ErrorException: Undefined property: Config\App::$baseURL in /Users/jzielinski/Documents/devops/bse_impression_analysis/vendor/codeigniter4/framework/system/HTTP/SiteURI.php:195
Stack trace:
#0 /Users/jzielinski/Documents/devops/bse_impression_analysis/vendor/codeigniter4/framework/system/HTTP/SiteURI.php(195): CodeIgniter\Debug\Exceptions->errorHandler(2, 'Undefined prope...', '/Users/jzielins...', 195)
#1 /Users/jzielinski/Documents/devops/bse_impression_analysis/vendor/codeigniter4/framework/system/HTTP/SiteURI.php(145): CodeIgniter\HTTP\SiteURI->normalizeBaseURL(Object(Config\App))
#2 /Users/jzielinski/Documents/devops/bse_impression_analysis/vendor/codeigniter4/framework/system/HTTP/SiteURI.php(100): CodeIgniter\HTTP\SiteURI->determineBaseURL(Object(Config\App), NULL, NULL)
#3 /Users/jzielinski/Documents/devops/bse_impression_analysis/vendor/codeigniter4/framework/system/HTTP/SiteURIFactory.php(224): CodeIgniter\HTTP\SiteURI->__construct(Object(Config\App), '/', NULL)
#4 /Users/jzielinski/Documents/devops/bse_impression_analysis/vendor/codeigniter4/framework/system/HTTP/SiteURIFactory.php(45): CodeIgniter\HTTP\SiteURIFactory->createURIFromRoutePath('/')
#5 /Users/jzielinski/Documents/devops/bse_impression_analysis/vendor/codeigniter4/framework/system/Config/Services.php(799): CodeIgniter\HTTP\SiteURIFactory->createFromGlobals()
#6 /Users/jzielinski/Documents/devops/bse_impression_analysis/vendor/codeigniter4/framework/system/Config/BaseService.php(258): CodeIgniter\Config\Services::uri(NULL, false)
#7 /Users/jzielinski/Documents/devops/bse_impression_analysis/vendor/codeigniter4/framework/system/Config/BaseService.php(199): CodeIgniter\Config\BaseService::__callStatic('uri', Array)
#8 /Users/jzielinski/Documents/devops/bse_impression_analysis/vendor/codeigniter4/framework/system/Config/Services.php(792): CodeIgniter\Config\BaseService::getSharedInstance('uri', NULL)
#9 /Users/jzielinski/Documents/devops/bse_impression_analysis/vendor/codeigniter4/framework/system/Config/BaseService.php(258): CodeIgniter\Config\Services::uri()
#10 /Users/jzielinski/Documents/devops/bse_impression_analysis/vendor/codeigniter4/framework/system/Config/Services.php(566): CodeIgniter\Config\BaseService::__callStatic('uri', Array)
#11 /Users/jzielinski/Documents/devops/bse_impression_analysis/vendor/codeigniter4/framework/system/Config/BaseService.php(258): CodeIgniter\Config\Services::incomingrequest(Object(Config\App), false)
#12 /Users/jzielinski/Documents/devops/bse_impression_analysis/vendor/codeigniter4/framework/system/Config/Services.php(524): CodeIgniter\Config\BaseService::__callStatic('incomingrequest', Array)
#13 /Users/jzielinski/Documents/devops/bse_impression_analysis/vendor/codeigniter4/framework/system/Config/BaseService.php(258): CodeIgniter\Config\Services::request(NULL, false)
#14 /Users/jzielinski/Documents/devops/bse_impression_analysis/vendor/codeigniter4/framework/system/Config/BaseService.php(199): CodeIgniter\Config\BaseService::__callStatic('request', Array)
#15 /Users/jzielinski/Documents/devops/bse_impression_analysis/vendor/codeigniter4/framework/system/Config/Services.php(520): CodeIgniter\Config\BaseService::getSharedInstance('request', NULL)
#16 /Users/jzielinski/Documents/devops/bse_impression_analysis/vendor/codeigniter4/framework/system/Config/BaseService.php(258): CodeIgniter\Config\Services::request()
#17 /Users/jzielinski/Documents/devops/bse_impression_analysis/vendor/codeigniter4/framework/system/Debug/Exceptions.php(150): CodeIgniter\Config\BaseService::__callStatic('request', Array)
#18 [internal function]: CodeIgniter\Debug\Exceptions->exceptionHandler(Object(ErrorException))
#19 {main}
  thrown
【Previous Exception】
ErrorException
Undefined property: Config\App::$baseURL
#0 /Users/jzielinski/Documents/devops/bse_impression_analysis/vendor/codeigniter4/framework/system/HTTP/SiteURI.php(195): CodeIgniter\Debug\Exceptions->errorHandler(2, 'Undefined prope...', '/Users/jzielins...', 195)
#1 /Users/jzielinski/Documents/devops/bse_impression_analysis/vendor/codeigniter4/framework/system/HTTP/SiteURI.php(145): CodeIgniter\HTTP\SiteURI->normalizeBaseURL(Object(Config\App))
#2 /Users/jzielinski/Documents/devops/bse_impression_analysis/vendor/codeigniter4/framework/system/HTTP/SiteURI.php(100): CodeIgniter\HTTP\SiteURI->determineBaseURL(Object(Config\App), NULL, NULL)
#3 /Users/jzielinski/Documents/devops/bse_impression_analysis/vendor/codeigniter4/framework/system/HTTP/SiteURIFactory.php(224): CodeIgniter\HTTP\SiteURI->__construct(Object(Config\App), '/', NULL)
#4 /Users/jzielinski/Documents/devops/bse_impression_analysis/vendor/codeigniter4/framework/system/HTTP/SiteURIFactory.php(45): CodeIgniter\HTTP\SiteURIFactory->createURIFromRoutePath('/')
#5 /Users/jzielinski/Documents/devops/bse_impression_analysis/vendor/codeigniter4/framework/system/Config/Services.php(799): CodeIgniter\HTTP\SiteURIFactory->createFromGlobals()
#6 /Users/jzielinski/Documents/devops/bse_impression_analysis/vendor/codeigniter4/framework/system/Config/BaseService.php(258): CodeIgniter\Config\Services::uri(NULL, false)
#7 /Users/jzielinski/Documents/devops/bse_impression_analysis/vendor/codeigniter4/framework/system/Config/BaseService.php(199): CodeIgniter\Config\BaseService::__callStatic('uri', Array)
#8 /Users/jzielinski/Documents/devops/bse_impression_analysis/vendor/codeigniter4/framework/system/Config/Services.php(792): CodeIgniter\Config\BaseService::getSharedInstance('uri', NULL)
#9 /Users/jzielinski/Documents/devops/bse_impression_analysis/vendor/codeigniter4/framework/system/Config/BaseService.php(258): CodeIgniter\Config\Services::uri()
#10 /Users/jzielinski/Documents/devops/bse_impression_analysis/vendor/codeigniter4/framework/system/Config/Services.php(566): CodeIgniter\Config\BaseService::__callStatic('uri', Array)
#11 /Users/jzielinski/Documents/devops/bse_impression_analysis/vendor/codeigniter4/framework/system/Config/BaseService.php(258): CodeIgniter\Config\Services::incomingrequest(Object(Config\App), false)
#12 /Users/jzielinski/Documents/devops/bse_impression_analysis/vendor/codeigniter4/framework/system/Config/Services.php(524): CodeIgniter\Config\BaseService::__callStatic('incomingrequest', Array)
#13 /Users/jzielinski/Documents/devops/bse_impression_analysis/vendor/codeigniter4/framework/system/Config/BaseService.php(258): CodeIgniter\Config\Services::request(Object(Config\App), false)
#14 /Users/jzielinski/Documents/devops/bse_impression_analysis/vendor/codeigniter4/framework/system/Config/BaseService.php(199): CodeIgniter\Config\BaseService::__callStatic('request', Array)
#15 /Users/jzielinski/Documents/devops/bse_impression_analysis/vendor/codeigniter4/framework/system/Config/Services.php(559): CodeIgniter\Config\BaseService::getSharedInstance('request', Object(Config\App))
#16 /Users/jzielinski/Documents/devops/bse_impression_analysis/vendor/codeigniter4/framework/system/Config/BaseService.php(258): CodeIgniter\Config\Services::incomingrequest(Object(Config\App))
#17 /Users/jzielinski/Documents/devops/bse_impression_analysis/vendor/codeigniter4/framework/system/Config/Services.php(539): CodeIgniter\Config\BaseService::__callStatic('incomingrequest', Array)
#18 /Users/jzielinski/Documents/devops/bse_impression_analysis/vendor/codeigniter4/framework/system/Config/BaseService.php(258): CodeIgniter\Config\Services::createRequest(Object(Config\App))
#19 /Users/jzielinski/Documents/devops/bse_impression_analysis/vendor/codeigniter4/framework/system/CodeIgniter.php(655): CodeIgniter\Config\BaseService::__callStatic('createRequest', Array)
#20 /Users/jzielinski/Documents/devops/bse_impression_analysis/vendor/codeigniter4/framework/system/CodeIgniter.php(355): CodeIgniter\CodeIgniter->getRequestObject()
#21 /Users/jzielinski/Documents/devops/bse_impression_analysis/public/index.php(79): CodeIgniter\CodeIgniter->run()
#22 /Users/jzielinski/Documents/devops/bse_impression_analysis/vendor/codeigniter4/framework/system/Commands/Server/rewrite.php(47): require_once('/Users/jzielins...')
#23 {main}
in SYSTEMPATH/HTTP/SiteURI.php on line 195.
 1 [internal function]: CodeIgniter\Debug\Exceptions->shutdownHandler()
CRITICAL - 2024-02-07 18:44:43 --> ErrorException: Undefined property: Config\App::$baseURL
in SYSTEMPATH/HTTP/SiteURI.php on line 195.
 1 SYSTEMPATH/HTTP/SiteURI.php(195): CodeIgniter\Debug\Exceptions->errorHandler(2, 'Undefined property: Config\\App::$baseURL', '/Users/jzielinski/Documents/devops/bse_impression_analysis/vendor/codeigniter4/framework/system/HTTP/SiteURI.php', 195)
 2 SYSTEMPATH/HTTP/SiteURI.php(145): CodeIgniter\HTTP\SiteURI->normalizeBaseURL(Object(Config\App))
 3 SYSTEMPATH/HTTP/SiteURI.php(100): CodeIgniter\HTTP\SiteURI->determineBaseURL(Object(Config\App), null, null)
 4 SYSTEMPATH/HTTP/SiteURIFactory.php(224): CodeIgniter\HTTP\SiteURI->__construct(Object(Config\App), '/', null)
 5 SYSTEMPATH/HTTP/SiteURIFactory.php(45): CodeIgniter\HTTP\SiteURIFactory->createURIFromRoutePath('/')
 6 SYSTEMPATH/Config/Services.php(799): CodeIgniter\HTTP\SiteURIFactory->createFromGlobals()
 7 SYSTEMPATH/Config/BaseService.php(258): CodeIgniter\Config\Services::uri(null, false)
 8 SYSTEMPATH/Config/BaseService.php(199): CodeIgniter\Config\BaseService::__callStatic('uri', [...])
 9 SYSTEMPATH/Config/Services.php(792): CodeIgniter\Config\BaseService::getSharedInstance('uri', null)
10 SYSTEMPATH/Config/BaseService.php(258): CodeIgniter\Config\Services::uri()
11 SYSTEMPATH/Config/Services.php(566): CodeIgniter\Config\BaseService::__callStatic('uri', [])
12 SYSTEMPATH/Config/BaseService.php(258): CodeIgniter\Config\Services::incomingrequest(Object(Config\App), false)
13 SYSTEMPATH/Config/Services.php(524): CodeIgniter\Config\BaseService::__callStatic('incomingrequest', [...])
14 SYSTEMPATH/Config/BaseService.php(258): CodeIgniter\Config\Services::request(Object(Config\App), false)
15 SYSTEMPATH/Config/BaseService.php(199): CodeIgniter\Config\BaseService::__callStatic('request', [...])
16 SYSTEMPATH/Config/Services.php(559): CodeIgniter\Config\BaseService::getSharedInstance('request', Object(Config\App))
17 SYSTEMPATH/Config/BaseService.php(258): CodeIgniter\Config\Services::incomingrequest(Object(Config\App))
18 SYSTEMPATH/Config/Services.php(539): CodeIgniter\Config\BaseService::__callStatic('incomingrequest', [...])
19 SYSTEMPATH/Config/BaseService.php(258): CodeIgniter\Config\Services::createRequest(Object(Config\App))
20 SYSTEMPATH/CodeIgniter.php(655): CodeIgniter\Config\BaseService::__callStatic('createRequest', [...])
21 SYSTEMPATH/CodeIgniter.php(355): CodeIgniter\CodeIgniter->getRequestObject()
22 FCPATH/index.php(79): CodeIgniter\CodeIgniter->run()
23 SYSTEMPATH/Commands/Server/rewrite.php(47): require_once('/Users/jzielinski/Documents/devops/bse_impression_analysis/public/index.php')
CRITICAL - 2024-02-07 18:44:43 --> ErrorException: Uncaught ErrorException: Undefined property: Config\App::$baseURL in /Users/jzielinski/Documents/devops/bse_impression_analysis/vendor/codeigniter4/framework/system/HTTP/SiteURI.php:195
Stack trace:
#0 /Users/jzielinski/Documents/devops/bse_impression_analysis/vendor/codeigniter4/framework/system/HTTP/SiteURI.php(195): CodeIgniter\Debug\Exceptions->errorHandler(2, 'Undefined prope...', '/Users/jzielins...', 195)
#1 /Users/jzielinski/Documents/devops/bse_impression_analysis/vendor/codeigniter4/framework/system/HTTP/SiteURI.php(145): CodeIgniter\HTTP\SiteURI->normalizeBaseURL(Object(Config\App))
#2 /Users/jzielinski/Documents/devops/bse_impression_analysis/vendor/codeigniter4/framework/system/HTTP/SiteURI.php(100): CodeIgniter\HTTP\SiteURI->determineBaseURL(Object(Config\App), NULL, NULL)
#3 /Users/jzielinski/Documents/devops/bse_impression_analysis/vendor/codeigniter4/framework/system/HTTP/SiteURIFactory.php(224): CodeIgniter\HTTP\SiteURI->__construct(Object(Config\App), '/', NULL)
#4 /Users/jzielinski/Documents/devops/bse_impression_analysis/vendor/codeigniter4/framework/system/HTTP/SiteURIFactory.php(45): CodeIgniter\HTTP\SiteURIFactory->createURIFromRoutePath('/')
#5 /Users/jzielinski/Documents/devops/bse_impression_analysis/vendor/codeigniter4/framework/system/Config/Services.php(799): CodeIgniter\HTTP\SiteURIFactory->createFromGlobals()
#6 /Users/jzielinski/Documents/devops/bse_impression_analysis/vendor/codeigniter4/framework/system/Config/BaseService.php(258): CodeIgniter\Config\Services::uri(NULL, false)
#7 /Users/jzielinski/Documents/devops/bse_impression_analysis/vendor/codeigniter4/framework/system/Config/BaseService.php(199): CodeIgniter\Config\BaseService::__callStatic('uri', Array)
#8 /Users/jzielinski/Documents/devops/bse_impression_analysis/vendor/codeigniter4/framework/system/Config/Services.php(792): CodeIgniter\Config\BaseService::getSharedInstance('uri', NULL)
#9 /Users/jzielinski/Documents/devops/bse_impression_analysis/vendor/codeigniter4/framework/system/Config/BaseService.php(258): CodeIgniter\Config\Services::uri()
#10 /Users/jzielinski/Documents/devops/bse_impression_analysis/vendor/codeigniter4/framework/system/Config/Services.php(566): CodeIgniter\Config\BaseService::__callStatic('uri', Array)
#11 /Users/jzielinski/Documents/devops/bse_impression_analysis/vendor/codeigniter4/framework/system/Config/BaseService.php(258): CodeIgniter\Config\Services::incomingrequest(Object(Config\App), false)
#12 /Users/jzielinski/Documents/devops/bse_impression_analysis/vendor/codeigniter4/framework/system/Config/Services.php(524): CodeIgniter\Config\BaseService::__callStatic('incomingrequest', Array)
#13 /Users/jzielinski/Documents/devops/bse_impression_analysis/vendor/codeigniter4/framework/system/Config/BaseService.php(258): CodeIgniter\Config\Services::request(NULL, false)
#14 /Users/jzielinski/Documents/devops/bse_impression_analysis/vendor/codeigniter4/framework/system/Config/BaseService.php(199): CodeIgniter\Config\BaseService::__callStatic('request', Array)
#15 /Users/jzielinski/Documents/devops/bse_impression_analysis/vendor/codeigniter4/framework/system/Config/Services.php(520): CodeIgniter\Config\BaseService::getSharedInstance('request', NULL)
#16 /Users/jzielinski/Documents/devops/bse_impression_analysis/vendor/codeigniter4/framework/system/Config/BaseService.php(258): CodeIgniter\Config\Services::request()
#17 /Users/jzielinski/Documents/devops/bse_impression_analysis/vendor/codeigniter4/framework/system/Debug/Exceptions.php(150): CodeIgniter\Config\BaseService::__callStatic('request', Array)
#18 [internal function]: CodeIgniter\Debug\Exceptions->exceptionHandler(Object(ErrorException))
#19 {main}
  thrown
【Previous Exception】
ErrorException
Undefined property: Config\App::$baseURL
#0 /Users/jzielinski/Documents/devops/bse_impression_analysis/vendor/codeigniter4/framework/system/HTTP/SiteURI.php(195): CodeIgniter\Debug\Exceptions->errorHandler(2, 'Undefined prope...', '/Users/jzielins...', 195)
#1 /Users/jzielinski/Documents/devops/bse_impression_analysis/vendor/codeigniter4/framework/system/HTTP/SiteURI.php(145): CodeIgniter\HTTP\SiteURI->normalizeBaseURL(Object(Config\App))
#2 /Users/jzielinski/Documents/devops/bse_impression_analysis/vendor/codeigniter4/framework/system/HTTP/SiteURI.php(100): CodeIgniter\HTTP\SiteURI->determineBaseURL(Object(Config\App), NULL, NULL)
#3 /Users/jzielinski/Documents/devops/bse_impression_analysis/vendor/codeigniter4/framework/system/HTTP/SiteURIFactory.php(224): CodeIgniter\HTTP\SiteURI->__construct(Object(Config\App), '/', NULL)
#4 /Users/jzielinski/Documents/devops/bse_impression_analysis/vendor/codeigniter4/framework/system/HTTP/SiteURIFactory.php(45): CodeIgniter\HTTP\SiteURIFactory->createURIFromRoutePath('/')
#5 /Users/jzielinski/Documents/devops/bse_impression_analysis/vendor/codeigniter4/framework/system/Config/Services.php(799): CodeIgniter\HTTP\SiteURIFactory->createFromGlobals()
#6 /Users/jzielinski/Documents/devops/bse_impression_analysis/vendor/codeigniter4/framework/system/Config/BaseService.php(258): CodeIgniter\Config\Services::uri(NULL, false)
#7 /Users/jzielinski/Documents/devops/bse_impression_analysis/vendor/codeigniter4/framework/system/Config/BaseService.php(199): CodeIgniter\Config\BaseService::__callStatic('uri', Array)
#8 /Users/jzielinski/Documents/devops/bse_impression_analysis/vendor/codeigniter4/framework/system/Config/Services.php(792): CodeIgniter\Config\BaseService::getSharedInstance('uri', NULL)
#9 /Users/jzielinski/Documents/devops/bse_impression_analysis/vendor/codeigniter4/framework/system/Config/BaseService.php(258): CodeIgniter\Config\Services::uri()
#10 /Users/jzielinski/Documents/devops/bse_impression_analysis/vendor/codeigniter4/framework/system/Config/Services.php(566): CodeIgniter\Config\BaseService::__callStatic('uri', Array)
#11 /Users/jzielinski/Documents/devops/bse_impression_analysis/vendor/codeigniter4/framework/system/Config/BaseService.php(258): CodeIgniter\Config\Services::incomingrequest(Object(Config\App), false)
#12 /Users/jzielinski/Documents/devops/bse_impression_analysis/vendor/codeigniter4/framework/system/Config/Services.php(524): CodeIgniter\Config\BaseService::__callStatic('incomingrequest', Array)
#13 /Users/jzielinski/Documents/devops/bse_impression_analysis/vendor/codeigniter4/framework/system/Config/BaseService.php(258): CodeIgniter\Config\Services::request(Object(Config\App), false)
#14 /Users/jzielinski/Documents/devops/bse_impression_analysis/vendor/codeigniter4/framework/system/Config/BaseService.php(199): CodeIgniter\Config\BaseService::__callStatic('request', Array)
#15 /Users/jzielinski/Documents/devops/bse_impression_analysis/vendor/codeigniter4/framework/system/Config/Services.php(559): CodeIgniter\Config\BaseService::getSharedInstance('request', Object(Config\App))
#16 /Users/jzielinski/Documents/devops/bse_impression_analysis/vendor/codeigniter4/framework/system/Config/BaseService.php(258): CodeIgniter\Config\Services::incomingrequest(Object(Config\App))
#17 /Users/jzielinski/Documents/devops/bse_impression_analysis/vendor/codeigniter4/framework/system/Config/Services.php(539): CodeIgniter\Config\BaseService::__callStatic('incomingrequest', Array)
#18 /Users/jzielinski/Documents/devops/bse_impression_analysis/vendor/codeigniter4/framework/system/Config/BaseService.php(258): CodeIgniter\Config\Services::createRequest(Object(Config\App))
#19 /Users/jzielinski/Documents/devops/bse_impression_analysis/vendor/codeigniter4/framework/system/CodeIgniter.php(655): CodeIgniter\Config\BaseService::__callStatic('createRequest', Array)
#20 /Users/jzielinski/Documents/devops/bse_impression_analysis/vendor/codeigniter4/framework/system/CodeIgniter.php(355): CodeIgniter\CodeIgniter->getRequestObject()
#21 /Users/jzielinski/Documents/devops/bse_impression_analysis/public/index.php(79): CodeIgniter\CodeIgniter->run()
#22 /Users/jzielinski/Documents/devops/bse_impression_analysis/vendor/codeigniter4/framework/system/Commands/Server/rewrite.php(47): require_once('/Users/jzielins...')
#23 {main}
in SYSTEMPATH/HTTP/SiteURI.php on line 195.
 1 [internal function]: CodeIgniter\Debug\Exceptions->shutdownHandler()
CRITICAL - 2024-02-07 18:46:22 --> ErrorException: Undefined property: Config\App::$baseURL
in SYSTEMPATH/HTTP/SiteURI.php on line 195.
 1 SYSTEMPATH/HTTP/SiteURI.php(195): CodeIgniter\Debug\Exceptions->errorHandler(2, 'Undefined property: Config\\App::$baseURL', '/Users/jzielinski/Documents/devops/bse_impression_analysis/vendor/codeigniter4/framework/system/HTTP/SiteURI.php', 195)
 2 SYSTEMPATH/HTTP/SiteURI.php(145): CodeIgniter\HTTP\SiteURI->normalizeBaseURL(Object(Config\App))
 3 SYSTEMPATH/HTTP/SiteURI.php(100): CodeIgniter\HTTP\SiteURI->determineBaseURL(Object(Config\App), null, null)
 4 SYSTEMPATH/HTTP/SiteURIFactory.php(224): CodeIgniter\HTTP\SiteURI->__construct(Object(Config\App), '/', null)
 5 SYSTEMPATH/HTTP/SiteURIFactory.php(45): CodeIgniter\HTTP\SiteURIFactory->createURIFromRoutePath('/')
 6 SYSTEMPATH/Config/Services.php(799): CodeIgniter\HTTP\SiteURIFactory->createFromGlobals()
 7 SYSTEMPATH/Config/BaseService.php(258): CodeIgniter\Config\Services::uri(null, false)
 8 SYSTEMPATH/Config/BaseService.php(199): CodeIgniter\Config\BaseService::__callStatic('uri', [...])
 9 SYSTEMPATH/Config/Services.php(792): CodeIgniter\Config\BaseService::getSharedInstance('uri', null)
10 SYSTEMPATH/Config/BaseService.php(258): CodeIgniter\Config\Services::uri()
11 SYSTEMPATH/Config/Services.php(566): CodeIgniter\Config\BaseService::__callStatic('uri', [])
12 SYSTEMPATH/Config/BaseService.php(258): CodeIgniter\Config\Services::incomingrequest(Object(Config\App), false)
13 SYSTEMPATH/Config/Services.php(524): CodeIgniter\Config\BaseService::__callStatic('incomingrequest', [...])
14 SYSTEMPATH/Config/BaseService.php(258): CodeIgniter\Config\Services::request(Object(Config\App), false)
15 SYSTEMPATH/Config/BaseService.php(199): CodeIgniter\Config\BaseService::__callStatic('request', [...])
16 SYSTEMPATH/Config/Services.php(559): CodeIgniter\Config\BaseService::getSharedInstance('request', Object(Config\App))
17 SYSTEMPATH/Config/BaseService.php(258): CodeIgniter\Config\Services::incomingrequest(Object(Config\App))
18 SYSTEMPATH/Config/Services.php(539): CodeIgniter\Config\BaseService::__callStatic('incomingrequest', [...])
19 SYSTEMPATH/Config/BaseService.php(258): CodeIgniter\Config\Services::createRequest(Object(Config\App))
20 SYSTEMPATH/CodeIgniter.php(655): CodeIgniter\Config\BaseService::__callStatic('createRequest', [...])
21 SYSTEMPATH/CodeIgniter.php(355): CodeIgniter\CodeIgniter->getRequestObject()
22 FCPATH/index.php(79): CodeIgniter\CodeIgniter->run()
23 SYSTEMPATH/Commands/Server/rewrite.php(47): require_once('/Users/jzielinski/Documents/devops/bse_impression_analysis/public/index.php')
CRITICAL - 2024-02-07 18:46:22 --> ErrorException: Uncaught ErrorException: Undefined property: Config\App::$baseURL in /Users/jzielinski/Documents/devops/bse_impression_analysis/vendor/codeigniter4/framework/system/HTTP/SiteURI.php:195
Stack trace:
#0 /Users/jzielinski/Documents/devops/bse_impression_analysis/vendor/codeigniter4/framework/system/HTTP/SiteURI.php(195): CodeIgniter\Debug\Exceptions->errorHandler(2, 'Undefined prope...', '/Users/jzielins...', 195)
#1 /Users/jzielinski/Documents/devops/bse_impression_analysis/vendor/codeigniter4/framework/system/HTTP/SiteURI.php(145): CodeIgniter\HTTP\SiteURI->normalizeBaseURL(Object(Config\App))
#2 /Users/jzielinski/Documents/devops/bse_impression_analysis/vendor/codeigniter4/framework/system/HTTP/SiteURI.php(100): CodeIgniter\HTTP\SiteURI->determineBaseURL(Object(Config\App), NULL, NULL)
#3 /Users/jzielinski/Documents/devops/bse_impression_analysis/vendor/codeigniter4/framework/system/HTTP/SiteURIFactory.php(224): CodeIgniter\HTTP\SiteURI->__construct(Object(Config\App), '/', NULL)
#4 /Users/jzielinski/Documents/devops/bse_impression_analysis/vendor/codeigniter4/framework/system/HTTP/SiteURIFactory.php(45): CodeIgniter\HTTP\SiteURIFactory->createURIFromRoutePath('/')
#5 /Users/jzielinski/Documents/devops/bse_impression_analysis/vendor/codeigniter4/framework/system/Config/Services.php(799): CodeIgniter\HTTP\SiteURIFactory->createFromGlobals()
#6 /Users/jzielinski/Documents/devops/bse_impression_analysis/vendor/codeigniter4/framework/system/Config/BaseService.php(258): CodeIgniter\Config\Services::uri(NULL, false)
#7 /Users/jzielinski/Documents/devops/bse_impression_analysis/vendor/codeigniter4/framework/system/Config/BaseService.php(199): CodeIgniter\Config\BaseService::__callStatic('uri', Array)
#8 /Users/jzielinski/Documents/devops/bse_impression_analysis/vendor/codeigniter4/framework/system/Config/Services.php(792): CodeIgniter\Config\BaseService::getSharedInstance('uri', NULL)
#9 /Users/jzielinski/Documents/devops/bse_impression_analysis/vendor/codeigniter4/framework/system/Config/BaseService.php(258): CodeIgniter\Config\Services::uri()
#10 /Users/jzielinski/Documents/devops/bse_impression_analysis/vendor/codeigniter4/framework/system/Config/Services.php(566): CodeIgniter\Config\BaseService::__callStatic('uri', Array)
#11 /Users/jzielinski/Documents/devops/bse_impression_analysis/vendor/codeigniter4/framework/system/Config/BaseService.php(258): CodeIgniter\Config\Services::incomingrequest(Object(Config\App), false)
#12 /Users/jzielinski/Documents/devops/bse_impression_analysis/vendor/codeigniter4/framework/system/Config/Services.php(524): CodeIgniter\Config\BaseService::__callStatic('incomingrequest', Array)
#13 /Users/jzielinski/Documents/devops/bse_impression_analysis/vendor/codeigniter4/framework/system/Config/BaseService.php(258): CodeIgniter\Config\Services::request(NULL, false)
#14 /Users/jzielinski/Documents/devops/bse_impression_analysis/vendor/codeigniter4/framework/system/Config/BaseService.php(199): CodeIgniter\Config\BaseService::__callStatic('request', Array)
#15 /Users/jzielinski/Documents/devops/bse_impression_analysis/vendor/codeigniter4/framework/system/Config/Services.php(520): CodeIgniter\Config\BaseService::getSharedInstance('request', NULL)
#16 /Users/jzielinski/Documents/devops/bse_impression_analysis/vendor/codeigniter4/framework/system/Config/BaseService.php(258): CodeIgniter\Config\Services::request()
#17 /Users/jzielinski/Documents/devops/bse_impression_analysis/vendor/codeigniter4/framework/system/Debug/Exceptions.php(150): CodeIgniter\Config\BaseService::__callStatic('request', Array)
#18 [internal function]: CodeIgniter\Debug\Exceptions->exceptionHandler(Object(ErrorException))
#19 {main}
  thrown
【Previous Exception】
ErrorException
Undefined property: Config\App::$baseURL
#0 /Users/jzielinski/Documents/devops/bse_impression_analysis/vendor/codeigniter4/framework/system/HTTP/SiteURI.php(195): CodeIgniter\Debug\Exceptions->errorHandler(2, 'Undefined prope...', '/Users/jzielins...', 195)
#1 /Users/jzielinski/Documents/devops/bse_impression_analysis/vendor/codeigniter4/framework/system/HTTP/SiteURI.php(145): CodeIgniter\HTTP\SiteURI->normalizeBaseURL(Object(Config\App))
#2 /Users/jzielinski/Documents/devops/bse_impression_analysis/vendor/codeigniter4/framework/system/HTTP/SiteURI.php(100): CodeIgniter\HTTP\SiteURI->determineBaseURL(Object(Config\App), NULL, NULL)
#3 /Users/jzielinski/Documents/devops/bse_impression_analysis/vendor/codeigniter4/framework/system/HTTP/SiteURIFactory.php(224): CodeIgniter\HTTP\SiteURI->__construct(Object(Config\App), '/', NULL)
#4 /Users/jzielinski/Documents/devops/bse_impression_analysis/vendor/codeigniter4/framework/system/HTTP/SiteURIFactory.php(45): CodeIgniter\HTTP\SiteURIFactory->createURIFromRoutePath('/')
#5 /Users/jzielinski/Documents/devops/bse_impression_analysis/vendor/codeigniter4/framework/system/Config/Services.php(799): CodeIgniter\HTTP\SiteURIFactory->createFromGlobals()
#6 /Users/jzielinski/Documents/devops/bse_impression_analysis/vendor/codeigniter4/framework/system/Config/BaseService.php(258): CodeIgniter\Config\Services::uri(NULL, false)
#7 /Users/jzielinski/Documents/devops/bse_impression_analysis/vendor/codeigniter4/framework/system/Config/BaseService.php(199): CodeIgniter\Config\BaseService::__callStatic('uri', Array)
#8 /Users/jzielinski/Documents/devops/bse_impression_analysis/vendor/codeigniter4/framework/system/Config/Services.php(792): CodeIgniter\Config\BaseService::getSharedInstance('uri', NULL)
#9 /Users/jzielinski/Documents/devops/bse_impression_analysis/vendor/codeigniter4/framework/system/Config/BaseService.php(258): CodeIgniter\Config\Services::uri()
#10 /Users/jzielinski/Documents/devops/bse_impression_analysis/vendor/codeigniter4/framework/system/Config/Services.php(566): CodeIgniter\Config\BaseService::__callStatic('uri', Array)
#11 /Users/jzielinski/Documents/devops/bse_impression_analysis/vendor/codeigniter4/framework/system/Config/BaseService.php(258): CodeIgniter\Config\Services::incomingrequest(Object(Config\App), false)
#12 /Users/jzielinski/Documents/devops/bse_impression_analysis/vendor/codeigniter4/framework/system/Config/Services.php(524): CodeIgniter\Config\BaseService::__callStatic('incomingrequest', Array)
#13 /Users/jzielinski/Documents/devops/bse_impression_analysis/vendor/codeigniter4/framework/system/Config/BaseService.php(258): CodeIgniter\Config\Services::request(Object(Config\App), false)
#14 /Users/jzielinski/Documents/devops/bse_impression_analysis/vendor/codeigniter4/framework/system/Config/BaseService.php(199): CodeIgniter\Config\BaseService::__callStatic('request', Array)
#15 /Users/jzielinski/Documents/devops/bse_impression_analysis/vendor/codeigniter4/framework/system/Config/Services.php(559): CodeIgniter\Config\BaseService::getSharedInstance('request', Object(Config\App))
#16 /Users/jzielinski/Documents/devops/bse_impression_analysis/vendor/codeigniter4/framework/system/Config/BaseService.php(258): CodeIgniter\Config\Services::incomingrequest(Object(Config\App))
#17 /Users/jzielinski/Documents/devops/bse_impression_analysis/vendor/codeigniter4/framework/system/Config/Services.php(539): CodeIgniter\Config\BaseService::__callStatic('incomingrequest', Array)
#18 /Users/jzielinski/Documents/devops/bse_impression_analysis/vendor/codeigniter4/framework/system/Config/BaseService.php(258): CodeIgniter\Config\Services::createRequest(Object(Config\App))
#19 /Users/jzielinski/Documents/devops/bse_impression_analysis/vendor/codeigniter4/framework/system/CodeIgniter.php(655): CodeIgniter\Config\BaseService::__callStatic('createRequest', Array)
#20 /Users/jzielinski/Documents/devops/bse_impression_analysis/vendor/codeigniter4/framework/system/CodeIgniter.php(355): CodeIgniter\CodeIgniter->getRequestObject()
#21 /Users/jzielinski/Documents/devops/bse_impression_analysis/public/index.php(79): CodeIgniter\CodeIgniter->run()
#22 /Users/jzielinski/Documents/devops/bse_impression_analysis/vendor/codeigniter4/framework/system/Commands/Server/rewrite.php(47): require_once('/Users/jzielins...')
#23 {main}
in SYSTEMPATH/HTTP/SiteURI.php on line 195.
 1 [internal function]: CodeIgniter\Debug\Exceptions->shutdownHandler()
CRITICAL - 2024-02-07 18:48:50 --> Error: Class "Config\Cors" not found
in SYSTEMPATH/Filters/Filters.php on line 175.
 1 SYSTEMPATH/CodeIgniter.php(474): CodeIgniter\Filters\Filters->run('', 'before')
 2 SYSTEMPATH/CodeIgniter.php(361): CodeIgniter\CodeIgniter->handleRequest(null, Object(Config\Cache), false)
 3 FCPATH/index.php(79): CodeIgniter\CodeIgniter->run()
 4 SYSTEMPATH/Commands/Server/rewrite.php(47): require_once('/Users/jzielinski/Documents/devops/bse_impression_analysis/public/index.php')
CRITICAL - 2024-02-07 18:50:16 --> ArgumentCountError: Too few arguments to function App\Controllers\Front\App::index(), 0 passed in /Users/jzielinski/Documents/devops/bse_impression_analysis/vendor/codeigniter4/framework/system/CodeIgniter.php on line 941 and exactly 1 expected
in APPPATH/Controllers/Front/App.php on line 44.
 1 SYSTEMPATH/CodeIgniter.php(941): App\Controllers\Front\App->index()
 2 SYSTEMPATH/CodeIgniter.php(502): CodeIgniter\CodeIgniter->runController(Object(App\Controllers\Front\App))
 3 SYSTEMPATH/CodeIgniter.php(361): CodeIgniter\CodeIgniter->handleRequest(null, Object(Config\Cache), false)
 4 FCPATH/index.php(79): CodeIgniter\CodeIgniter->run()
 5 SYSTEMPATH/Commands/Server/rewrite.php(47): require_once('/Users/jzielinski/Documents/devops/bse_impression_analysis/public/index.php')
CRITICAL - 2024-02-07 18:50:29 --> ArgumentCountError: Too few arguments to function App\Controllers\Front\App::index(), 0 passed in /Users/jzielinski/Documents/devops/bse_impression_analysis/vendor/codeigniter4/framework/system/CodeIgniter.php on line 941 and exactly 1 expected
in APPPATH/Controllers/Front/App.php on line 44.
 1 SYSTEMPATH/CodeIgniter.php(941): App\Controllers\Front\App->index()
 2 SYSTEMPATH/CodeIgniter.php(502): CodeIgniter\CodeIgniter->runController(Object(App\Controllers\Front\App))
 3 SYSTEMPATH/CodeIgniter.php(361): CodeIgniter\CodeIgniter->handleRequest(null, Object(Config\Cache), false)
 4 FCPATH/index.php(79): CodeIgniter\CodeIgniter->run()
 5 SYSTEMPATH/Commands/Server/rewrite.php(47): require_once('/Users/jzielinski/Documents/devops/bse_impression_analysis/public/index.php')
CRITICAL - 2024-02-07 18:50:45 --> ArgumentCountError: Too few arguments to function App\Controllers\Front\App::index(), 0 passed in /Users/jzielinski/Documents/devops/bse_impression_analysis/vendor/codeigniter4/framework/system/CodeIgniter.php on line 941 and exactly 1 expected
in APPPATH/Controllers/Front/App.php on line 44.
 1 SYSTEMPATH/CodeIgniter.php(941): App\Controllers\Front\App->index()
 2 SYSTEMPATH/CodeIgniter.php(502): CodeIgniter\CodeIgniter->runController(Object(App\Controllers\Front\App))
 3 SYSTEMPATH/CodeIgniter.php(361): CodeIgniter\CodeIgniter->handleRequest(null, Object(Config\Cache), false)
 4 FCPATH/index.php(79): CodeIgniter\CodeIgniter->run()
 5 SYSTEMPATH/Commands/Server/rewrite.php(47): require_once('/Users/jzielinski/Documents/devops/bse_impression_analysis/public/index.php')
CRITICAL - 2024-02-07 18:51:18 --> ArgumentCountError: Too few arguments to function App\Controllers\Front\App::index(), 0 passed in /Users/jzielinski/Documents/devops/bse_impression_analysis/vendor/codeigniter4/framework/system/CodeIgniter.php on line 941 and exactly 1 expected
in APPPATH/Controllers/Front/App.php on line 44.
 1 SYSTEMPATH/CodeIgniter.php(941): App\Controllers\Front\App->index()
 2 SYSTEMPATH/CodeIgniter.php(502): CodeIgniter\CodeIgniter->runController(Object(App\Controllers\Front\App))
 3 SYSTEMPATH/CodeIgniter.php(361): CodeIgniter\CodeIgniter->handleRequest(null, Object(Config\Cache), false)
 4 FCPATH/index.php(79): CodeIgniter\CodeIgniter->run()
 5 SYSTEMPATH/Commands/Server/rewrite.php(47): require_once('/Users/jzielinski/Documents/devops/bse_impression_analysis/public/index.php')
CRITICAL - 2024-02-07 18:51:33 --> ArgumentCountError: Too few arguments to function App\Controllers\Front\App::index(), 0 passed in /Users/jzielinski/Documents/devops/bse_impression_analysis/vendor/codeigniter4/framework/system/CodeIgniter.php on line 941 and exactly 1 expected
in APPPATH/Controllers/Front/App.php on line 44.
 1 SYSTEMPATH/CodeIgniter.php(941): App\Controllers\Front\App->index()
 2 SYSTEMPATH/CodeIgniter.php(502): CodeIgniter\CodeIgniter->runController(Object(App\Controllers\Front\App))
 3 SYSTEMPATH/CodeIgniter.php(361): CodeIgniter\CodeIgniter->handleRequest(null, Object(Config\Cache), false)
 4 FCPATH/index.php(79): CodeIgniter\CodeIgniter->run()
 5 SYSTEMPATH/Commands/Server/rewrite.php(47): require_once('/Users/jzielinski/Documents/devops/bse_impression_analysis/public/index.php')
CRITICAL - 2024-02-07 18:51:58 --> ArgumentCountError: Too few arguments to function App\Controllers\Front\App::index(), 0 passed in /Users/jzielinski/Documents/devops/bse_impression_analysis/vendor/codeigniter4/framework/system/CodeIgniter.php on line 941 and exactly 1 expected
in APPPATH/Controllers/Front/App.php on line 44.
 1 SYSTEMPATH/CodeIgniter.php(941): App\Controllers\Front\App->index()
 2 SYSTEMPATH/CodeIgniter.php(502): CodeIgniter\CodeIgniter->runController(Object(App\Controllers\Front\App))
 3 SYSTEMPATH/CodeIgniter.php(361): CodeIgniter\CodeIgniter->handleRequest(null, Object(Config\Cache), false)
 4 FCPATH/index.php(79): CodeIgniter\CodeIgniter->run()
 5 SYSTEMPATH/Commands/Server/rewrite.php(47): require_once('/Users/jzielinski/Documents/devops/bse_impression_analysis/public/index.php')
CRITICAL - 2024-02-07 18:52:05 --> ArgumentCountError: Too few arguments to function App\Controllers\Front\App::index(), 0 passed in /Users/jzielinski/Documents/devops/bse_impression_analysis/vendor/codeigniter4/framework/system/CodeIgniter.php on line 941 and exactly 1 expected
in APPPATH/Controllers/Front/App.php on line 44.
 1 SYSTEMPATH/CodeIgniter.php(941): App\Controllers\Front\App->index()
 2 SYSTEMPATH/CodeIgniter.php(502): CodeIgniter\CodeIgniter->runController(Object(App\Controllers\Front\App))
 3 SYSTEMPATH/CodeIgniter.php(361): CodeIgniter\CodeIgniter->handleRequest(null, Object(Config\Cache), false)
 4 FCPATH/index.php(79): CodeIgniter\CodeIgniter->run()
 5 SYSTEMPATH/Commands/Server/rewrite.php(47): require_once('/Users/jzielinski/Documents/devops/bse_impression_analysis/public/index.php')
CRITICAL - 2024-02-07 18:52:07 --> ArgumentCountError: Too few arguments to function App\Controllers\Front\App::index(), 0 passed in /Users/jzielinski/Documents/devops/bse_impression_analysis/vendor/codeigniter4/framework/system/CodeIgniter.php on line 941 and exactly 1 expected
in APPPATH/Controllers/Front/App.php on line 44.
 1 SYSTEMPATH/CodeIgniter.php(941): App\Controllers\Front\App->index()
 2 SYSTEMPATH/CodeIgniter.php(502): CodeIgniter\CodeIgniter->runController(Object(App\Controllers\Front\App))
 3 SYSTEMPATH/CodeIgniter.php(361): CodeIgniter\CodeIgniter->handleRequest(null, Object(Config\Cache), false)
 4 FCPATH/index.php(79): CodeIgniter\CodeIgniter->run()
 5 SYSTEMPATH/Commands/Server/rewrite.php(47): require_once('/Users/jzielinski/Documents/devops/bse_impression_analysis/public/index.php')
CRITICAL - 2024-02-07 18:52:09 --> ArgumentCountError: Too few arguments to function App\Controllers\Front\App::index(), 0 passed in /Users/jzielinski/Documents/devops/bse_impression_analysis/vendor/codeigniter4/framework/system/CodeIgniter.php on line 941 and exactly 1 expected
in APPPATH/Controllers/Front/App.php on line 44.
 1 SYSTEMPATH/CodeIgniter.php(941): App\Controllers\Front\App->index()
 2 SYSTEMPATH/CodeIgniter.php(502): CodeIgniter\CodeIgniter->runController(Object(App\Controllers\Front\App))
 3 SYSTEMPATH/CodeIgniter.php(361): CodeIgniter\CodeIgniter->handleRequest(null, Object(Config\Cache), false)
 4 FCPATH/index.php(79): CodeIgniter\CodeIgniter->run()
 5 SYSTEMPATH/Commands/Server/rewrite.php(47): require_once('/Users/jzielinski/Documents/devops/bse_impression_analysis/public/index.php')
CRITICAL - 2024-02-07 18:52:25 --> Exception: <span class="h5">Assessment not found. Please use the link provided to you.</span>
in APPPATH/Controllers/Front/App.php on line 41.
 1 SYSTEMPATH/CodeIgniter.php(941): App\Controllers\Front\App->nogo()
 2 SYSTEMPATH/CodeIgniter.php(502): CodeIgniter\CodeIgniter->runController(Object(App\Controllers\Front\App))
 3 SYSTEMPATH/CodeIgniter.php(361): CodeIgniter\CodeIgniter->handleRequest(null, Object(Config\Cache), false)
 4 FCPATH/index.php(79): CodeIgniter\CodeIgniter->run()
 5 SYSTEMPATH/Commands/Server/rewrite.php(47): require_once('/Users/jzielinski/Documents/devops/bse_impression_analysis/public/index.php')
CRITICAL - 2024-02-07 18:52:37 --> Exception: <span class="h5">Assessment not found. Please use the link provided to you.</span>
in APPPATH/Controllers/Front/App.php on line 41.
 1 SYSTEMPATH/CodeIgniter.php(941): App\Controllers\Front\App->nogo()
 2 SYSTEMPATH/CodeIgniter.php(502): CodeIgniter\CodeIgniter->runController(Object(App\Controllers\Front\App))
 3 SYSTEMPATH/CodeIgniter.php(361): CodeIgniter\CodeIgniter->handleRequest(null, Object(Config\Cache), false)
 4 FCPATH/index.php(79): CodeIgniter\CodeIgniter->run()
 5 SYSTEMPATH/Commands/Server/rewrite.php(47): require_once('/Users/jzielinski/Documents/devops/bse_impression_analysis/public/index.php')
CRITICAL - 2024-02-07 18:52:42 --> Exception: <span class="h5">Assessment not found. Please use the link provided to you.</span>
in APPPATH/Controllers/Front/App.php on line 41.
 1 SYSTEMPATH/CodeIgniter.php(941): App\Controllers\Front\App->nogo()
 2 SYSTEMPATH/CodeIgniter.php(502): CodeIgniter\CodeIgniter->runController(Object(App\Controllers\Front\App))
 3 SYSTEMPATH/CodeIgniter.php(361): CodeIgniter\CodeIgniter->handleRequest(null, Object(Config\Cache), false)
 4 FCPATH/index.php(79): CodeIgniter\CodeIgniter->run()
 5 SYSTEMPATH/Commands/Server/rewrite.php(47): require_once('/Users/jzielinski/Documents/devops/bse_impression_analysis/public/index.php')
